2025-07-07 12:07:31,574 - INFO - Carpeta de monitoreo: C:\Users\Usuario1\Desktop\cursor\sabadosHistorialUpdate
2025-07-07 12:07:31,574 - INFO - Carpeta de destino: C:\Users\Usuario1\Desktop\cursor\excel_extract\excel_extraction_forschedule
2025-07-07 12:07:31,575 - INFO - Archivo CSV: C:\Users\Usuario1\Desktop\cursor\excel_extract\excel_extraction_forschedule\historial_sabados.csv
2025-07-07 12:07:31,576 - INFO -  Iniciando monitoreo de carpeta...
2025-07-07 12:07:46,609 - INFO - Nuevo archivo detectado: horario_descansos_semana_27_0707_1307_2025.xlsx
2025-07-07 12:07:46,610 - INFO - Iniciando procesamiento de: C:\Users\Usuario1\Desktop\cursor\sabadosHistorialUpdate\horario_descansos_semana_27_0707_1307_2025.xlsx
2025-07-07 12:07:46,611 - INFO - Procesando archivo: C:\Users\Usuario1\Desktop\cursor\sabadosHistorialUpdate\horario_descansos_semana_27_0707_1307_2025.xlsx
2025-07-07 12:07:46,612 - INFO - Número de semana detectado: 27
2025-07-07 12:07:46,634 - INFO - Hojas encontradas: ['Semana 27 (07-07-13-07)']
2025-07-07 12:07:46,634 - INFO - Procesando hoja: Semana 27 (07-07-13-07)
2025-07-07 12:07:46,664 - INFO - Columnas SAT encontradas: ['SAT-12']
2025-07-07 12:07:46,667 - INFO - Encontradas 8 filas con TROP en SAT-12
2025-07-07 12:07:46,668 - INFO - Encontrado TROP: ROP en SAT-12
2025-07-07 12:07:46,669 - INFO - Encontrado TROP: ECE en SAT-12
2025-07-07 12:07:46,670 - INFO - Encontrado TROP: DFB en SAT-12
2025-07-07 12:07:46,670 - INFO - Encontrado TROP: BRS en SAT-12
2025-07-07 12:07:46,672 - INFO - Encontrado TROP: CDT en SAT-12
2025-07-07 12:07:46,676 - INFO - Encontrado TROP: WGG en SAT-12
2025-07-07 12:07:46,679 - INFO - Encontrado TROP: YIS en SAT-12
2025-07-07 12:07:46,683 - INFO - Encontrado TROP: DJO en SAT-12
2025-07-07 12:07:46,688 - INFO - Archivo CSV actual cargado con 24 registros
2025-07-07 12:07:46,690 - INFO - Iniciales con TROP: ['ROP', 'ECE', 'DFB', 'BRS', 'CDT', 'WGG', 'YIS', 'DJO']
2025-07-07 12:07:46,692 - INFO - Actualizado: ROP -> Semana 27
2025-07-07 12:07:46,697 - INFO - Actualizado: ECE -> Semana 27
2025-07-07 12:07:46,699 - INFO - Actualizado: DFB -> Semana 27
2025-07-07 12:07:46,700 - INFO - Actualizado: BRS -> Semana 27
2025-07-07 12:07:46,702 - INFO - Actualizado: CDT -> Semana 27
2025-07-07 12:07:46,705 - INFO - Actualizado: WGG -> Semana 27
2025-07-07 12:07:46,710 - INFO - Actualizado: YIS -> Semana 27
2025-07-07 12:07:46,714 - INFO - Actualizado: DJO -> Semana 27
2025-07-07 12:07:46,722 - INFO - Archivo CSV actualizado: 8 actualizaciones, 0 nuevas entradas
2025-07-07 12:07:46,749 - INFO -  Semana 27 asignada a 8 empleados
2025-07-07 12:07:46,772 - INFO - Archivo procesado exitosamente: horario_descansos_semana_27_0707_1307_2025.xlsx
2025-07-07 12:07:54,625 - INFO - Monitoreo detenido por el usuario
2025-07-07 12:13:55,368 - INFO - Carpeta de monitoreo: C:\Users\Usuario1\Desktop\cursor\sabadosHistorialUpdate
2025-07-07 12:13:55,368 - INFO - Carpeta de destino: C:\Users\Usuario1\Desktop\cursor\excel_extract\excel_extraction_forschedule
2025-07-07 12:13:55,369 - INFO - Archivo CSV: C:\Users\Usuario1\Desktop\cursor\excel_extract\excel_extraction_forschedule\historial_sabados.csv
2025-07-07 12:13:55,369 - INFO -  Iniciando monitoreo de carpeta...
2025-07-07 12:14:00,390 - INFO - Nuevo archivo detectado: horario_descansos_semana_28_1407_2007_2025.xlsx
2025-07-07 12:14:00,392 - INFO - Iniciando procesamiento de: C:\Users\Usuario1\Desktop\cursor\sabadosHistorialUpdate\horario_descansos_semana_28_1407_2007_2025.xlsx
2025-07-07 12:14:00,393 - INFO - Procesando archivo: C:\Users\Usuario1\Desktop\cursor\sabadosHistorialUpdate\horario_descansos_semana_28_1407_2007_2025.xlsx
2025-07-07 12:14:00,393 - INFO - Número de semana detectado: 28
2025-07-07 12:14:00,441 - INFO - Hojas encontradas: ['Semana 28 (14-07-20-07)']
2025-07-07 12:14:00,446 - INFO - Procesando hoja: Semana 28 (14-07-20-07)
2025-07-07 12:14:00,482 - INFO - Columnas SAT encontradas: ['SAT-19']
2025-07-07 12:14:00,486 - INFO - Encontradas 7 filas con TROP en SAT-19
2025-07-07 12:14:00,488 - INFO - Encontrado TROP: HLG en SAT-19
2025-07-07 12:14:00,492 - INFO - Encontrado TROP: ECE en SAT-19
2025-07-07 12:14:00,494 - INFO - Encontrado TROP: DFB en SAT-19
2025-07-07 12:14:00,495 - INFO - Encontrado TROP: FCE en SAT-19
2025-07-07 12:14:00,496 - INFO - Encontrado TROP: JBV en SAT-19
2025-07-07 12:14:00,498 - INFO - Encontrado TROP: BRS en SAT-19
2025-07-07 12:14:00,500 - INFO - Encontrado TROP: CDT en SAT-19
2025-07-07 12:14:00,525 - INFO - Archivo CSV actual cargado con 24 registros
2025-07-07 12:14:00,528 - INFO - Iniciales con TROP: ['HLG', 'ECE', 'DFB', 'FCE', 'JBV', 'BRS', 'CDT']
2025-07-07 12:14:00,533 - INFO - Actualizado: HLG -> Semana 28
2025-07-07 12:14:00,537 - INFO - Actualizado: ECE -> Semana 28
2025-07-07 12:14:00,539 - INFO - Actualizado: DFB -> Semana 28
2025-07-07 12:14:00,543 - INFO - Actualizado: FCE -> Semana 28
2025-07-07 12:14:00,545 - INFO - Actualizado: JBV -> Semana 28
2025-07-07 12:14:00,548 - INFO - Actualizado: BRS -> Semana 28
2025-07-07 12:14:00,551 - INFO - Actualizado: CDT -> Semana 28
2025-07-07 12:14:00,560 - INFO - Archivo CSV actualizado: 7 actualizaciones, 0 nuevas entradas
2025-07-07 12:14:00,589 - INFO -  Semana 28 asignada a 7 empleados
2025-07-07 12:14:00,619 - INFO - Archivo procesado exitosamente: horario_descansos_semana_28_1407_2007_2025.xlsx
2025-07-07 12:15:40,791 - INFO - Nuevo archivo detectado: horario_descansos_semana_29_2107_2707_2025.xlsx
2025-07-07 12:15:40,797 - INFO - Iniciando procesamiento de: C:\Users\Usuario1\Desktop\cursor\sabadosHistorialUpdate\horario_descansos_semana_29_2107_2707_2025.xlsx
2025-07-07 12:15:40,798 - INFO - Procesando archivo: C:\Users\Usuario1\Desktop\cursor\sabadosHistorialUpdate\horario_descansos_semana_29_2107_2707_2025.xlsx
2025-07-07 12:15:40,803 - INFO - Número de semana detectado: 29
2025-07-07 12:15:40,845 - INFO - Hojas encontradas: ['Semana 29 (21-07-27-07)']
2025-07-07 12:15:40,853 - INFO - Procesando hoja: Semana 29 (21-07-27-07)
2025-07-07 12:15:40,877 - INFO - Columnas SAT encontradas: ['SAT-26']
2025-07-07 12:15:40,883 - INFO - Encontradas 7 filas con TROP en SAT-26
2025-07-07 12:15:40,885 - INFO - Encontrado TROP: ROP en SAT-26
2025-07-07 12:15:40,888 - INFO - Encontrado TROP: MLS en SAT-26
2025-07-07 12:15:40,890 - INFO - Encontrado TROP: GMT en SAT-26
2025-07-07 12:15:40,891 - INFO - Encontrado TROP: HZG en SAT-26
2025-07-07 12:15:40,892 - INFO - Encontrado TROP: MAQ en SAT-26
2025-07-07 12:15:40,897 - INFO - Encontrado TROP: JLF en SAT-26
2025-07-07 12:15:40,899 - INFO - Encontrado TROP: JMV en SAT-26
2025-07-07 12:15:40,928 - INFO - Archivo CSV actual cargado con 24 registros
2025-07-07 12:15:40,929 - INFO - Iniciales con TROP: ['ROP', 'MLS', 'GMT', 'HZG', 'MAQ', 'JLF', 'JMV']
2025-07-07 12:15:40,934 - INFO - Actualizado: ROP -> Semana 29
2025-07-07 12:15:40,938 - INFO - Actualizado: MLS -> Semana 29
2025-07-07 12:15:40,940 - INFO - Actualizado: GMT -> Semana 29
2025-07-07 12:15:40,943 - INFO - Actualizado: HZG -> Semana 29
2025-07-07 12:15:40,947 - INFO - Actualizado: MAQ -> Semana 29
2025-07-07 12:15:40,949 - INFO - Actualizado: JLF -> Semana 29
2025-07-07 12:15:40,952 - INFO - Actualizado: JMV -> Semana 29
2025-07-07 12:15:40,957 - INFO - Archivo CSV actualizado: 7 actualizaciones, 0 nuevas entradas
2025-07-07 12:15:40,987 - INFO -  Semana 29 asignada a 7 empleados
2025-07-07 12:15:41,014 - INFO - Archivo procesado exitosamente: horario_descansos_semana_29_2107_2707_2025.xlsx
2025-07-07 12:18:06,275 - INFO - Nuevo archivo detectado: horario_descansos_semana_30_2807_0308_2025.xlsx
2025-07-07 12:18:06,282 - INFO - Iniciando procesamiento de: C:\Users\Usuario1\Desktop\cursor\sabadosHistorialUpdate\horario_descansos_semana_30_2807_0308_2025.xlsx
2025-07-07 12:18:06,286 - INFO - Procesando archivo: C:\Users\Usuario1\Desktop\cursor\sabadosHistorialUpdate\horario_descansos_semana_30_2807_0308_2025.xlsx
2025-07-07 12:18:06,288 - INFO - Número de semana detectado: 30
2025-07-07 12:18:06,297 - INFO - Hojas encontradas: ['Semana 30 (28-07-03-08)']
2025-07-07 12:18:06,297 - INFO - Procesando hoja: Semana 30 (28-07-03-08)
2025-07-07 12:18:06,329 - INFO - Columnas SAT encontradas: ['SAT-02']
2025-07-07 12:18:06,340 - INFO - Encontradas 7 filas con TROP en SAT-02
2025-07-07 12:18:06,341 - INFO - Encontrado TROP: ECE en SAT-02
2025-07-07 12:18:06,342 - INFO - Encontrado TROP: DFB en SAT-02
2025-07-07 12:18:06,343 - INFO - Encontrado TROP: BRS en SAT-02
2025-07-07 12:18:06,345 - INFO - Encontrado TROP: CDT en SAT-02
2025-07-07 12:18:06,346 - INFO - Encontrado TROP: WGG en SAT-02
2025-07-07 12:18:06,351 - INFO - Encontrado TROP: YIS en SAT-02
2025-07-07 12:18:06,352 - INFO - Encontrado TROP: DJO en SAT-02
2025-07-07 12:18:06,362 - INFO - Archivo CSV actual cargado con 24 registros
2025-07-07 12:18:06,362 - INFO - Iniciales con TROP: ['ECE', 'DFB', 'BRS', 'CDT', 'WGG', 'YIS', 'DJO']
2025-07-07 12:18:06,369 - INFO - Actualizado: ECE -> Semana 30
2025-07-07 12:18:06,373 - INFO - Actualizado: DFB -> Semana 30
2025-07-07 12:18:06,374 - INFO - Actualizado: BRS -> Semana 30
2025-07-07 12:18:06,377 - INFO - Actualizado: CDT -> Semana 30
2025-07-07 12:18:06,382 - INFO - Actualizado: WGG -> Semana 30
2025-07-07 12:18:06,383 - INFO - Actualizado: YIS -> Semana 30
2025-07-07 12:18:06,384 - INFO - Actualizado: DJO -> Semana 30
2025-07-07 12:18:06,388 - INFO - Archivo CSV actualizado: 7 actualizaciones, 0 nuevas entradas
2025-07-07 12:18:06,415 - INFO -  Semana 30 asignada a 7 empleados
2025-07-07 12:18:06,434 - INFO - Archivo procesado exitosamente: horario_descansos_semana_30_2807_0308_2025.xlsx
2025-07-07 12:53:33,464 - INFO - Carpeta de monitoreo: C:\Users\Usuario1\Desktop\cursor\sabadosHistorialUpdate
2025-07-07 12:53:33,465 - INFO - Carpeta de destino: C:\Users\Usuario1\Desktop\cursor\excel_extract\excel_extraction_forschedule
2025-07-07 12:53:33,465 - INFO - Archivo CSV: C:\Users\Usuario1\Desktop\cursor\excel_extract\excel_extraction_forschedule\historial_sabados.csv
2025-07-07 12:53:33,465 - INFO -  Iniciando monitoreo de carpeta...
2025-07-07 12:53:33,466 - INFO - Nuevo archivo detectado: horario_descansos_semana_28_1407_2007_2025.xlsx
2025-07-07 12:53:33,467 - INFO - Iniciando procesamiento de: C:\Users\Usuario1\Desktop\cursor\sabadosHistorialUpdate\horario_descansos_semana_28_1407_2007_2025.xlsx
2025-07-07 12:53:33,467 - INFO - Procesando archivo: C:\Users\Usuario1\Desktop\cursor\sabadosHistorialUpdate\horario_descansos_semana_28_1407_2007_2025.xlsx
2025-07-07 12:53:33,467 - INFO - Número de semana detectado: 28
2025-07-07 12:53:33,474 - INFO - Hojas encontradas: ['Semana 28 (14-07-20-07)']
2025-07-07 12:53:33,476 - INFO - Procesando hoja: Semana 28 (14-07-20-07)
2025-07-07 12:53:33,488 - INFO - Columnas SAT encontradas: ['SAT-19']
2025-07-07 12:53:33,495 - INFO - Encontradas 7 filas con TROP en SAT-19
2025-07-07 12:53:33,495 - INFO - Encontrado TROP: HLG en SAT-19
2025-07-07 12:53:33,496 - INFO - Encontrado TROP: ECE en SAT-19
2025-07-07 12:53:33,496 - INFO - Encontrado TROP: DFB en SAT-19
2025-07-07 12:53:33,497 - INFO - Encontrado TROP: FCE en SAT-19
2025-07-07 12:53:33,498 - INFO - Encontrado TROP: JBV en SAT-19
2025-07-07 12:53:33,498 - INFO - Encontrado TROP: BRS en SAT-19
2025-07-07 12:53:33,499 - INFO - Encontrado TROP: CDT en SAT-19
2025-07-07 12:53:33,510 - INFO - Archivo CSV actual cargado con 24 registros
2025-07-07 12:53:33,510 - INFO - Iniciales con TROP: ['HLG', 'ECE', 'DFB', 'FCE', 'JBV', 'BRS', 'CDT']
2025-07-07 12:53:33,515 - INFO - Actualizado: HLG -> Semana 28
2025-07-07 12:53:33,516 - INFO - Actualizado: ECE -> Semana 28
2025-07-07 12:53:33,517 - INFO - Actualizado: DFB -> Semana 28
2025-07-07 12:53:33,520 - INFO - Actualizado: FCE -> Semana 28
2025-07-07 12:53:33,521 - INFO - Actualizado: JBV -> Semana 28
2025-07-07 12:53:33,522 - INFO - Actualizado: BRS -> Semana 28
2025-07-07 12:53:33,523 - INFO - Actualizado: CDT -> Semana 28
2025-07-07 12:53:33,527 - INFO - Archivo CSV actualizado: 7 actualizaciones, 0 nuevas entradas
2025-07-07 12:53:33,541 - INFO -  Semana 28 asignada a 7 empleados
2025-07-07 12:53:33,554 - INFO - Archivo procesado exitosamente: horario_descansos_semana_28_1407_2007_2025.xlsx
2025-07-07 12:53:33,555 - INFO - Nuevo archivo detectado: horario_descansos_semana_29_2107_2707_2025.xlsx
2025-07-07 12:53:33,557 - INFO - Iniciando procesamiento de: C:\Users\Usuario1\Desktop\cursor\sabadosHistorialUpdate\horario_descansos_semana_29_2107_2707_2025.xlsx
2025-07-07 12:53:33,557 - INFO - Procesando archivo: C:\Users\Usuario1\Desktop\cursor\sabadosHistorialUpdate\horario_descansos_semana_29_2107_2707_2025.xlsx
2025-07-07 12:53:33,558 - INFO - Número de semana detectado: 29
2025-07-07 12:53:33,568 - INFO - Hojas encontradas: ['Semana 29 (21-07-27-07)']
2025-07-07 12:53:33,569 - INFO - Procesando hoja: Semana 29 (21-07-27-07)
2025-07-07 12:53:33,580 - INFO - Columnas SAT encontradas: ['SAT-26']
2025-07-07 12:53:33,581 - INFO - Encontradas 7 filas con TROP en SAT-26
2025-07-07 12:53:33,582 - INFO - Encontrado TROP: ROP en SAT-26
2025-07-07 12:53:33,585 - INFO - Encontrado TROP: MLS en SAT-26
2025-07-07 12:53:33,586 - INFO - Encontrado TROP: GMT en SAT-26
2025-07-07 12:53:33,586 - INFO - Encontrado TROP: HZG en SAT-26
2025-07-07 12:53:33,587 - INFO - Encontrado TROP: MAQ en SAT-26
2025-07-07 12:53:33,588 - INFO - Encontrado TROP: JLF en SAT-26
2025-07-07 12:53:33,588 - INFO - Encontrado TROP: JMV en SAT-26
2025-07-07 12:53:33,592 - INFO - Archivo CSV actual cargado con 24 registros
2025-07-07 12:53:33,594 - INFO - Iniciales con TROP: ['ROP', 'MLS', 'GMT', 'HZG', 'MAQ', 'JLF', 'JMV']
2025-07-07 12:53:33,595 - INFO - Actualizado: ROP -> Semana 29
2025-07-07 12:53:33,598 - INFO - Actualizado: MLS -> Semana 29
2025-07-07 12:53:33,599 - INFO - Actualizado: GMT -> Semana 29
2025-07-07 12:53:33,600 - INFO - Actualizado: HZG -> Semana 29
2025-07-07 12:53:33,601 - INFO - Actualizado: MAQ -> Semana 29
2025-07-07 12:53:33,602 - INFO - Actualizado: JLF -> Semana 29
2025-07-07 12:53:33,603 - INFO - Actualizado: JMV -> Semana 29
2025-07-07 12:53:33,607 - INFO - Archivo CSV actualizado: 7 actualizaciones, 0 nuevas entradas
2025-07-07 12:53:33,617 - INFO -  Semana 29 asignada a 7 empleados
2025-07-07 12:53:33,631 - INFO - Archivo procesado exitosamente: horario_descansos_semana_29_2107_2707_2025.xlsx
2025-07-07 12:54:46,841 - INFO - Carpeta de monitoreo: C:\Users\Usuario1\Desktop\cursor\sabadosHistorialUpdate
2025-07-07 12:54:46,842 - INFO - Carpeta de destino: C:\Users\Usuario1\Desktop\cursor\excel_extract\excel_extraction_forschedule
2025-07-07 12:54:46,842 - INFO - Archivo CSV: C:\Users\Usuario1\Desktop\cursor\excel_extract\excel_extraction_forschedule\historial_sabados.csv
2025-07-07 12:54:46,842 - INFO -  Iniciando monitoreo de carpeta...
2025-07-07 12:54:46,844 - INFO - Nuevo archivo detectado: horario_descansos_semana_28_1407_2007_2025.xlsx
2025-07-07 12:54:46,844 - INFO - Iniciando procesamiento de: C:\Users\Usuario1\Desktop\cursor\sabadosHistorialUpdate\horario_descansos_semana_28_1407_2007_2025.xlsx
2025-07-07 12:54:46,845 - INFO - Procesando archivo: C:\Users\Usuario1\Desktop\cursor\sabadosHistorialUpdate\horario_descansos_semana_28_1407_2007_2025.xlsx
2025-07-07 12:54:46,845 - INFO - Número de semana detectado: 28
2025-07-07 12:54:46,849 - INFO - Hojas encontradas: ['Semana 28 (14-07-20-07)']
2025-07-07 12:54:46,849 - INFO - Procesando hoja: Semana 28 (14-07-20-07)
2025-07-07 12:54:46,870 - INFO - Columnas SAT encontradas: ['SAT-19']
2025-07-07 12:54:46,872 - INFO - Encontradas 9 filas con TROP en SAT-19
2025-07-07 12:54:46,873 - INFO - Encontrado TROP: HLG en SAT-19
2025-07-07 12:54:46,877 - INFO - Encontrado TROP: ECE en SAT-19
2025-07-07 12:54:46,878 - INFO - Encontrado TROP: DFB en SAT-19
2025-07-07 12:54:46,878 - INFO - Encontrado TROP: FCE en SAT-19
2025-07-07 12:54:46,880 - INFO - Encontrado TROP: JBV en SAT-19
2025-07-07 12:54:46,880 - INFO - Encontrado TROP: GMT en SAT-19
2025-07-07 12:54:46,881 - INFO - Encontrado TROP: BRS en SAT-19
2025-07-07 12:54:46,882 - INFO - Encontrado TROP: CDT en SAT-19
2025-07-07 12:54:46,882 - INFO - Encontrado TROP: DJO en SAT-19
2025-07-07 12:54:46,893 - INFO - Archivo CSV actual cargado con 24 registros
2025-07-07 12:54:46,893 - INFO - Iniciales con TROP: ['HLG', 'ECE', 'DFB', 'FCE', 'JBV', 'GMT', 'BRS', 'CDT', 'DJO']
2025-07-07 12:54:46,899 - INFO - Actualizado: HLG -> Semana 28
2025-07-07 12:54:46,901 - INFO - Actualizado: ECE -> Semana 28
2025-07-07 12:54:46,903 - INFO - Actualizado: DFB -> Semana 28
2025-07-07 12:54:46,904 - INFO - Actualizado: FCE -> Semana 28
2025-07-07 12:54:46,905 - INFO - Actualizado: JBV -> Semana 28
2025-07-07 12:54:46,906 - INFO - Actualizado: GMT -> Semana 28
2025-07-07 12:54:46,908 - INFO - Actualizado: BRS -> Semana 28
2025-07-07 12:54:46,909 - INFO - Actualizado: CDT -> Semana 28
2025-07-07 12:54:46,912 - INFO - Actualizado: DJO -> Semana 28
2025-07-07 12:54:46,916 - INFO - Archivo CSV actualizado: 9 actualizaciones, 0 nuevas entradas
2025-07-07 12:54:46,931 - INFO -  Semana 28 asignada a 9 empleados
2025-07-07 12:54:46,943 - INFO - Archivo procesado exitosamente: horario_descansos_semana_28_1407_2007_2025.xlsx
2025-07-07 12:57:49,570 - INFO - Carpeta de monitoreo: C:\Users\Usuario1\Desktop\cursor\sabadosHistorialUpdate
2025-07-07 12:57:49,573 - INFO - Carpeta de destino: C:\Users\Usuario1\Desktop\cursor\excel_extract\excel_extraction_forschedule
2025-07-07 12:57:49,573 - INFO - Archivo CSV: C:\Users\Usuario1\Desktop\cursor\excel_extract\excel_extraction_forschedule\historial_sabados.csv
2025-07-07 12:57:49,573 - INFO -  Iniciando monitoreo de carpeta...
2025-07-07 12:57:49,574 - INFO - Nuevo archivo detectado: horario_descansos_semana_28_1407_2007_2025.xlsx
2025-07-07 12:57:49,574 - INFO - Iniciando procesamiento de: C:\Users\Usuario1\Desktop\cursor\sabadosHistorialUpdate\horario_descansos_semana_28_1407_2007_2025.xlsx
2025-07-07 12:57:49,574 - INFO - Procesando archivo: C:\Users\Usuario1\Desktop\cursor\sabadosHistorialUpdate\horario_descansos_semana_28_1407_2007_2025.xlsx
2025-07-07 12:57:49,574 - INFO - Número de semana detectado: 28
2025-07-07 12:57:49,578 - INFO - Hojas encontradas: ['Semana 28 (14-07-20-07)']
2025-07-07 12:57:49,578 - INFO - Procesando hoja: Semana 28 (14-07-20-07)
2025-07-07 12:57:49,595 - INFO - Columnas SAT encontradas: ['SAT-19']
2025-07-07 12:57:49,599 - INFO - Encontradas 9 filas con TROP en SAT-19
2025-07-07 12:57:49,601 - INFO - Encontrado TROP: HLG en SAT-19
2025-07-07 12:57:49,602 - INFO - Encontrado TROP: ECE en SAT-19
2025-07-07 12:57:49,602 - INFO - Encontrado TROP: DFB en SAT-19
2025-07-07 12:57:49,603 - INFO - Encontrado TROP: FCE en SAT-19
2025-07-07 12:57:49,603 - INFO - Encontrado TROP: JBV en SAT-19
2025-07-07 12:57:49,605 - INFO - Encontrado TROP: GMT en SAT-19
2025-07-07 12:57:49,605 - INFO - Encontrado TROP: BRS en SAT-19
2025-07-07 12:57:49,606 - INFO - Encontrado TROP: CDT en SAT-19
2025-07-07 12:57:49,606 - INFO - Encontrado TROP: DJO en SAT-19
2025-07-07 12:57:49,610 - INFO - Archivo CSV actual cargado con 24 registros
2025-07-07 12:57:49,610 - INFO - Iniciales con TROP: ['HLG', 'ECE', 'DFB', 'FCE', 'JBV', 'GMT', 'BRS', 'CDT', 'DJO']
2025-07-07 12:57:49,622 - INFO - Actualizado: HLG -> Semana 28
2025-07-07 12:57:49,624 - INFO - Actualizado: ECE -> Semana 28
2025-07-07 12:57:49,626 - INFO - Actualizado: DFB -> Semana 28
2025-07-07 12:57:49,627 - INFO - Actualizado: FCE -> Semana 28
2025-07-07 12:57:49,627 - INFO - Actualizado: JBV -> Semana 28
2025-07-07 12:57:49,628 - INFO - Actualizado: GMT -> Semana 28
2025-07-07 12:57:49,629 - INFO - Actualizado: BRS -> Semana 28
2025-07-07 12:57:49,630 - INFO - Actualizado: CDT -> Semana 28
2025-07-07 12:57:49,631 - INFO - Actualizado: DJO -> Semana 28
2025-07-07 12:57:49,634 - INFO - Archivo CSV actualizado: 9 actualizaciones, 0 nuevas entradas
2025-07-07 12:57:49,648 - INFO -  Semana 28 asignada a 9 empleados
2025-07-07 12:57:49,660 - INFO - Archivo procesado exitosamente: horario_descansos_semana_28_1407_2007_2025.xlsx
2025-07-07 12:57:59,683 - INFO - Nuevo archivo detectado: horario_descansos_semana_27_0707_1307_2025.xlsx
2025-07-07 12:57:59,688 - INFO - Iniciando procesamiento de: C:\Users\Usuario1\Desktop\cursor\sabadosHistorialUpdate\horario_descansos_semana_27_0707_1307_2025.xlsx
2025-07-07 12:57:59,689 - INFO - Procesando archivo: C:\Users\Usuario1\Desktop\cursor\sabadosHistorialUpdate\horario_descansos_semana_27_0707_1307_2025.xlsx
2025-07-07 12:57:59,690 - INFO - Número de semana detectado: 27
2025-07-07 12:57:59,702 - INFO - Hojas encontradas: ['Semana 27 (07-07-13-07)']
2025-07-07 12:57:59,704 - INFO - Procesando hoja: Semana 27 (07-07-13-07)
2025-07-07 12:57:59,721 - INFO - Columnas SAT encontradas: ['SAT-12']
2025-07-07 12:57:59,739 - INFO - Encontradas 8 filas con TROP en SAT-12
2025-07-07 12:57:59,740 - INFO - Encontrado TROP: HLG en SAT-12
2025-07-07 12:57:59,744 - INFO - Encontrado TROP: ECE en SAT-12
2025-07-07 12:57:59,745 - INFO - Encontrado TROP: DFB en SAT-12
2025-07-07 12:57:59,746 - INFO - Encontrado TROP: JBV en SAT-12
2025-07-07 12:57:59,747 - INFO - Encontrado TROP: GMT en SAT-12
2025-07-07 12:57:59,748 - INFO - Encontrado TROP: BRS en SAT-12
2025-07-07 12:57:59,749 - INFO - Encontrado TROP: CDT en SAT-12
2025-07-07 12:57:59,750 - INFO - Encontrado TROP: DJO en SAT-12
2025-07-07 12:57:59,754 - INFO - Archivo CSV actual cargado con 24 registros
2025-07-07 12:57:59,754 - INFO - Iniciales con TROP: ['HLG', 'ECE', 'DFB', 'JBV', 'GMT', 'BRS', 'CDT', 'DJO']
2025-07-07 12:57:59,769 - INFO - Actualizado: HLG -> Semana 27
2025-07-07 12:57:59,776 - INFO - Actualizado: ECE -> Semana 27
2025-07-07 12:57:59,777 - INFO - Actualizado: DFB -> Semana 27
2025-07-07 12:57:59,778 - INFO - Actualizado: JBV -> Semana 27
2025-07-07 12:57:59,780 - INFO - Actualizado: GMT -> Semana 27
2025-07-07 12:57:59,781 - INFO - Actualizado: BRS -> Semana 27
2025-07-07 12:57:59,782 - INFO - Actualizado: CDT -> Semana 27
2025-07-07 12:57:59,787 - INFO - Actualizado: DJO -> Semana 27
2025-07-07 12:57:59,792 - INFO - Archivo CSV actualizado: 8 actualizaciones, 0 nuevas entradas
2025-07-07 12:57:59,809 - INFO -  Semana 27 asignada a 8 empleados
2025-07-07 12:57:59,821 - INFO - Archivo procesado exitosamente: horario_descansos_semana_27_0707_1307_2025.xlsx
2025-07-07 13:03:36,413 - INFO - Carpeta de monitoreo: C:\Users\Usuario1\Desktop\cursor\sabadosHistorialUpdate
2025-07-07 13:03:36,414 - INFO - Carpeta de destino: C:\Users\Usuario1\Desktop\cursor\excel_extract\excel_extraction_forschedule
2025-07-07 13:03:36,414 - INFO - Archivo CSV: C:\Users\Usuario1\Desktop\cursor\excel_extract\excel_extraction_forschedule\historial_sabados.csv
2025-07-07 13:03:36,414 - INFO -  Iniciando monitoreo de carpeta...
2025-07-07 13:03:41,423 - INFO - Nuevo archivo detectado: horario_descansos_semana_27_0707_1307_2025.xlsx
2025-07-07 13:03:41,425 - INFO - Iniciando procesamiento de: C:\Users\Usuario1\Desktop\cursor\sabadosHistorialUpdate\horario_descansos_semana_27_0707_1307_2025.xlsx
2025-07-07 13:03:41,426 - INFO - Procesando archivo: C:\Users\Usuario1\Desktop\cursor\sabadosHistorialUpdate\horario_descansos_semana_27_0707_1307_2025.xlsx
2025-07-07 13:03:41,427 - INFO - Número de semana detectado: 27
2025-07-07 13:03:41,449 - INFO - Hojas encontradas: ['Semana 27 (07-07-13-07)']
2025-07-07 13:03:41,449 - INFO - Procesando hoja: Semana 27 (07-07-13-07)
2025-07-07 13:03:41,492 - INFO - Columnas SAT encontradas: ['SAT-12']
2025-07-07 13:03:41,495 - INFO - Encontradas 8 filas con TROP en SAT-12
2025-07-07 13:03:41,496 - INFO - Encontrado TROP: HLG en SAT-12
2025-07-07 13:03:41,500 - INFO - Encontrado TROP: ECE en SAT-12
2025-07-07 13:03:41,501 - INFO - Encontrado TROP: DFB en SAT-12
2025-07-07 13:03:41,502 - INFO - Encontrado TROP: JBV en SAT-12
2025-07-07 13:03:41,503 - INFO - Encontrado TROP: GMT en SAT-12
2025-07-07 13:03:41,504 - INFO - Encontrado TROP: BRS en SAT-12
2025-07-07 13:03:41,505 - INFO - Encontrado TROP: CDT en SAT-12
2025-07-07 13:03:41,507 - INFO - Encontrado TROP: DJO en SAT-12
2025-07-07 13:03:41,513 - INFO - Archivo CSV actual cargado con 24 registros
2025-07-07 13:03:41,515 - INFO - Iniciales con TROP: ['HLG', 'ECE', 'DFB', 'JBV', 'GMT', 'BRS', 'CDT', 'DJO']
2025-07-07 13:03:41,518 - INFO - Actualizado: HLG -> Semana 27
2025-07-07 13:03:41,521 - INFO - Actualizado: ECE -> Semana 27
2025-07-07 13:03:41,522 - INFO - Actualizado: DFB -> Semana 27
2025-07-07 13:03:41,524 - INFO - Actualizado: JBV -> Semana 27
2025-07-07 13:03:41,525 - INFO - Actualizado: GMT -> Semana 27
2025-07-07 13:03:41,526 - INFO - Actualizado: BRS -> Semana 27
2025-07-07 13:03:41,528 - INFO - Actualizado: CDT -> Semana 27
2025-07-07 13:03:41,530 - INFO - Actualizado: DJO -> Semana 27
2025-07-07 13:03:41,539 - INFO - Archivo CSV actualizado: 8 actualizaciones, 0 nuevas entradas
2025-07-07 13:03:41,558 - INFO -  Semana 27 asignada a 8 empleados
2025-07-07 13:03:41,576 - INFO - Archivo procesado exitosamente: horario_descansos_semana_27_0707_1307_2025.xlsx
2025-07-07 15:04:07,301 - INFO - Carpeta de monitoreo: C:\Users\Usuario1\Desktop\cursor\sabadosHistorialUpdate
2025-07-07 15:04:07,301 - INFO - Carpeta de destino: C:\Users\Usuario1\Desktop\cursor\excel_extract\excel_extraction_forschedule
2025-07-07 15:04:07,301 - INFO - Archivo CSV: C:\Users\Usuario1\Desktop\cursor\excel_extract\excel_extraction_forschedule\historial_sabados.csv
2025-07-07 15:04:07,301 - INFO -  Iniciando monitoreo de carpeta...
2025-07-07 15:04:12,312 - INFO - Nuevo archivo detectado: horario_descansos_semana_28_1407_2007_2025.xlsx
2025-07-07 15:04:12,312 - INFO - Iniciando procesamiento de: C:\Users\Usuario1\Desktop\cursor\sabadosHistorialUpdate\horario_descansos_semana_28_1407_2007_2025.xlsx
2025-07-07 15:04:12,312 - INFO - Procesando archivo: C:\Users\Usuario1\Desktop\cursor\sabadosHistorialUpdate\horario_descansos_semana_28_1407_2007_2025.xlsx
2025-07-07 15:04:12,312 - INFO - Número de semana detectado: 28
2025-07-07 15:04:12,334 - INFO - Hojas encontradas: ['Semana 28 (14-07-20-07)']
2025-07-07 15:04:12,334 - INFO - Procesando hoja: Semana 28 (14-07-20-07)
2025-07-07 15:04:12,365 - INFO - Columnas SAT encontradas: ['SAT-19']
2025-07-07 15:04:12,365 - INFO - Encontradas 9 filas con TROP en SAT-19
2025-07-07 15:04:12,365 - INFO - Encontrado TROP: HLG en SAT-19
2025-07-07 15:04:12,365 - INFO - Encontrado TROP: ECE en SAT-19
2025-07-07 15:04:12,365 - INFO - Encontrado TROP: DFB en SAT-19
2025-07-07 15:04:12,365 - INFO - Encontrado TROP: FCE en SAT-19
2025-07-07 15:04:12,365 - INFO - Encontrado TROP: JBV en SAT-19
2025-07-07 15:04:12,365 - INFO - Encontrado TROP: BRS en SAT-19
2025-07-07 15:04:12,381 - INFO - Encontrado TROP: CDT en SAT-19
2025-07-07 15:04:12,381 - INFO - Encontrado TROP: GCE en SAT-19
2025-07-07 15:04:12,381 - INFO - Encontrado TROP: DJO en SAT-19
2025-07-07 15:04:12,381 - INFO - Archivo CSV actual cargado con 24 registros
2025-07-07 15:04:12,396 - INFO - Iniciales con TROP: ['HLG', 'ECE', 'DFB', 'FCE', 'JBV', 'BRS', 'CDT', 'GCE', 'DJO']
2025-07-07 15:04:12,396 - INFO - Actualizado: HLG -> Semana 28
2025-07-07 15:04:12,396 - INFO - Actualizado: ECE -> Semana 28
2025-07-07 15:04:12,396 - INFO - Actualizado: DFB -> Semana 28
2025-07-07 15:04:12,396 - INFO - Actualizado: FCE -> Semana 28
2025-07-07 15:04:12,396 - INFO - Actualizado: JBV -> Semana 28
2025-07-07 15:04:12,396 - INFO - Actualizado: BRS -> Semana 28
2025-07-07 15:04:12,396 - INFO - Actualizado: CDT -> Semana 28
2025-07-07 15:04:12,396 - INFO - Actualizado: GCE -> Semana 28
2025-07-07 15:04:12,396 - INFO - Actualizado: DJO -> Semana 28
2025-07-07 15:04:12,416 - INFO - Archivo CSV actualizado: 9 actualizaciones, 0 nuevas entradas
2025-07-07 15:04:12,469 - INFO -  Semana 28 asignada a 9 empleados
2025-07-07 15:04:12,500 - INFO - Archivo procesado exitosamente: horario_descansos_semana_28_1407_2007_2025.xlsx
2025-07-07 15:06:01,099 - INFO - Monitoreo detenido por el usuario
